2024-04-16 16:33:36,290 [Worker-3: Loading available Gradle versions] INFO  o.e.b.c.i.u.g.PublishedGradleVersions - Gradle version information cache is out-of-date. Trying to update.
2024-04-16 16:33:36,714 [Worker-3: Loading available Gradle versions] INFO  o.e.b.c.i.u.g.PublishedGradleVersions - Updating Gradle version information cache failed. Using outdated cache.
2024-04-17 08:32:08,135 [Worker-5: Loading available Gradle versions] INFO  o.e.b.c.i.u.g.PublishedGradleVersions - Gradle version information cache is up-to-date. Trying to read.
2024-04-17 11:20:11,605 [Worker-5: Loading available Gradle versions] INFO  o.e.b.c.i.u.g.PublishedGradleVersions - Gradle version information cache is up-to-date. Trying to read.
2024-04-17 11:20:46,485 [Worker-5: Loading available Gradle versions] INFO  o.e.b.c.i.u.g.PublishedGradleVersions - Gradle version information cache is up-to-date. Trying to read.
2024-04-20 00:12:30,341 [Worker-5: Loading available Gradle versions] INFO  o.e.b.c.i.u.g.PublishedGradleVersions - Gradle version information cache is out-of-date. Trying to update.
2024-04-20 11:16:38,303 [Worker-1: Loading available Gradle versions] INFO  o.e.b.c.i.u.g.PublishedGradleVersions - Gradle version information cache is up-to-date. Trying to read.
2024-04-21 20:12:07,755 [Worker-7: Loading available Gradle versions] INFO  o.e.b.c.i.u.g.PublishedGradleVersions - Gradle version information cache is out-of-date. Trying to update.
2024-04-21 20:22:30,737 [Worker-5: Loading available Gradle versions] INFO  o.e.b.c.i.u.g.PublishedGradleVersions - Gradle version information cache is up-to-date. Trying to read.
2024-04-21 20:39:55,361 [Worker-7: Loading available Gradle versions] INFO  o.e.b.c.i.u.g.PublishedGradleVersions - Gradle version information cache is up-to-date. Trying to read.
2024-04-22 18:54:15,424 [Worker-5: Loading available Gradle versions] INFO  o.e.b.c.i.u.g.PublishedGradleVersions - Gradle version information cache is up-to-date. Trying to read.
2024-04-29 09:31:02,918 [Worker-9: Loading available Gradle versions] INFO  o.e.b.c.i.u.g.PublishedGradleVersions - Gradle version information cache is out-of-date. Trying to update.
2024-04-29 10:04:10,345 [Worker-5: Loading available Gradle versions] INFO  o.e.b.c.i.u.g.PublishedGradleVersions - Gradle version information cache is up-to-date. Trying to read.
2024-04-29 10:11:11,206 [Worker-5: Loading available Gradle versions] INFO  o.e.b.c.i.u.g.PublishedGradleVersions - Gradle version information cache is up-to-date. Trying to read.
2024-04-29 10:14:37,734 [Worker-5: Loading available Gradle versions] INFO  o.e.b.c.i.u.g.PublishedGradleVersions - Gradle version information cache is up-to-date. Trying to read.
2024-04-29 10:20:40,377 [Worker-1: Loading available Gradle versions] INFO  o.e.b.c.i.u.g.PublishedGradleVersions - Gradle version information cache is up-to-date. Trying to read.
2024-04-29 10:22:37,391 [main] INFO  org.eclipse.jetty.server.Server - jetty-12.0.3; built: 2023-10-27T03:25:22.284Z; git: a873259fd5af141dedaa6c7fa8fe8fbdedce0d61; jvm 21.0.1+12-LTS-29
2024-04-29 10:22:37,483 [main] INFO  o.e.j.server.handler.ContextHandler - Started oeje8n.ContextHandler$CoreContextHandler@36d61bbf{/wse,/wse,b=null,a=AVAILABLE,h=oeje8n.ContextHandler$CoreContextHandler$CoreToNestedHandler@7ba44d2d{STARTED}}
2024-04-29 10:22:37,485 [main] INFO  o.e.j.s.DefaultSessionIdManager - Session workerName=node0
2024-04-29 10:22:37,515 [main] INFO  o.e.jetty.server.AbstractConnector - Started ServerConnector@1e81ebc8{HTTP/1.1, (http/1.1)}{0.0.0.0:1529}
2024-04-29 10:22:37,530 [main] INFO  org.eclipse.jetty.server.Server - Started oejs.Server@6c65578d{STARTING}[12.0.3,sto=0] @126727ms
2024-04-29 10:22:37,946 [qtp945613614-170] INFO  o.e.j.e.nested.ContextHandler._wse - Warning: No org.apache.tomcat.JarScanner set in ServletContext. Falling back to default JarScanner implementation.
2024-04-29 10:22:38,238 [qtp945613614-159] WARN  o.e.jetty.ee8.nested.HttpChannel - /wse/wsexplorer/wsexplorer.jsp
javax.servlet.ServletException: java.lang.NoClassDefFoundError: org/apache/el/util/JreCompat
	at org.apache.jasper.servlet.JspServlet.service(JspServlet.java:332)
	at javax.servlet.http.HttpServlet.service(HttpServlet.java:590)
	at org.eclipse.equinox.jsp.jasper.JspServlet.service(JspServlet.java:180)
	at javax.servlet.http.HttpServlet.service(HttpServlet.java:590)
	at org.eclipse.equinox.http.registry.internal.ServletManager$ServletWrapper.service(ServletManager.java:183)
	at org.eclipse.equinox.http.servlet.internal.HttpServiceRuntimeImpl$LegacyServlet.service(HttpServiceRuntimeImpl.java:1409)
	at org.eclipse.equinox.http.servlet.internal.registration.EndpointRegistration.service(EndpointRegistration.java:154)
	at org.eclipse.equinox.http.servlet.internal.servlet.ResponseStateHandler.processRequest(ResponseStateHandler.java:66)
	at org.eclipse.equinox.http.servlet.internal.context.DispatchTargets.doDispatch(DispatchTargets.java:112)
	at org.eclipse.equinox.http.servlet.internal.servlet.ProxyServlet.dispatch(ProxyServlet.java:141)
	at org.eclipse.equinox.http.servlet.internal.servlet.ProxyServlet.preprocess(ProxyServlet.java:113)
	at org.eclipse.equinox.http.servlet.internal.servlet.ProxyServlet.service(ProxyServlet.java:103)
	at javax.servlet.http.HttpServlet.service(HttpServlet.java:590)
	at org.eclipse.equinox.http.jetty.internal.HttpServerManager$InternalHttpServiceServlet.service(HttpServerManager.java:340)
	at org.eclipse.jetty.ee8.servlet.ServletHolder.handle(ServletHolder.java:640)
	at org.eclipse.jetty.ee8.servlet.ServletHandler.doHandle(ServletHandler.java:456)
	at org.eclipse.jetty.ee8.nested.ScopedHandler.nextHandle(ScopedHandler.java:181)
	at org.eclipse.jetty.ee8.nested.SessionHandler.doHandle(SessionHandler.java:394)
	at org.eclipse.jetty.ee8.nested.ScopedHandler.nextHandle(ScopedHandler.java:181)
	at org.eclipse.jetty.ee8.nested.ContextHandler.doHandle(ContextHandler.java:850)
	at org.eclipse.jetty.ee8.nested.ScopedHandler.nextScope(ScopedHandler.java:152)
	at org.eclipse.jetty.ee8.servlet.ServletHandler.doScope(ServletHandler.java:423)
	at org.eclipse.jetty.ee8.nested.ScopedHandler.nextScope(ScopedHandler.java:150)
	at org.eclipse.jetty.ee8.nested.SessionHandler.doScope(SessionHandler.java:389)
	at org.eclipse.jetty.ee8.nested.ScopedHandler.nextScope(ScopedHandler.java:150)
	at org.eclipse.jetty.ee8.nested.ContextHandler.doScope(ContextHandler.java:795)
	at org.eclipse.jetty.ee8.nested.ScopedHandler.handle(ScopedHandler.java:117)
	at org.eclipse.jetty.ee8.nested.ContextHandler.handle(ContextHandler.java:1409)
	at org.eclipse.jetty.ee8.nested.HttpChannel$RequestDispatchable.dispatch(HttpChannel.java:1355)
	at org.eclipse.jetty.ee8.nested.HttpChannel.dispatch(HttpChannel.java:680)
	at org.eclipse.jetty.ee8.nested.HttpChannel.handle(HttpChannel.java:512)
	at org.eclipse.jetty.ee8.nested.ContextHandler$CoreContextHandler$CoreToNestedHandler.handle(ContextHandler.java:2239)
	at org.eclipse.jetty.server.handler.ContextHandler.handle(ContextHandler.java:809)
	at org.eclipse.jetty.server.Server.handle(Server.java:179)
	at org.eclipse.jetty.server.internal.HttpChannelState$HandlerInvoker.run(HttpChannelState.java:649)
	at org.eclipse.jetty.server.internal.HttpConnection.onFillable(HttpConnection.java:471)
	at org.eclipse.jetty.io.AbstractConnection$ReadCallback.succeeded(AbstractConnection.java:322)
	at org.eclipse.jetty.io.FillInterest.fillable(FillInterest.java:100)
	at org.eclipse.jetty.io.SelectableChannelEndPoint$1.run(SelectableChannelEndPoint.java:53)
	at org.eclipse.jetty.util.thread.strategy.AdaptiveExecutionStrategy.runTask(AdaptiveExecutionStrategy.java:478)
	at org.eclipse.jetty.util.thread.strategy.AdaptiveExecutionStrategy.consumeTask(AdaptiveExecutionStrategy.java:441)
	at org.eclipse.jetty.util.thread.strategy.AdaptiveExecutionStrategy.tryProduce(AdaptiveExecutionStrategy.java:293)
	at org.eclipse.jetty.util.thread.strategy.AdaptiveExecutionStrategy.produce(AdaptiveExecutionStrategy.java:195)
	at org.eclipse.jetty.util.thread.QueuedThreadPool.runJob(QueuedThreadPool.java:971)
	at org.eclipse.jetty.util.thread.QueuedThreadPool$Runner.doRunJob(QueuedThreadPool.java:1196)
	at org.eclipse.jetty.util.thread.QueuedThreadPool$Runner.run(QueuedThreadPool.java:1151)
	at java.base/java.lang.Thread.run(Thread.java:1583)
Caused by: java.lang.NoClassDefFoundError: org/apache/el/util/JreCompat
	at org.apache.jasper.compiler.Generator$GenerateVisitor.visit(Generator.java:1366)
	at org.apache.jasper.compiler.Node$UseBean.accept(Node.java:1187)
	at org.apache.jasper.compiler.Node$Nodes.visit(Node.java:2385)
	at org.apache.jasper.compiler.Node$Visitor.visitBody(Node.java:2437)
	at org.apache.jasper.compiler.Node$Visitor.visit(Node.java:2443)
	at org.apache.jasper.compiler.Node$Root.accept(Node.java:471)
	at org.apache.jasper.compiler.Node$Nodes.visit(Node.java:2385)
	at org.apache.jasper.compiler.Generator.generate(Generator.java:3616)
	at org.apache.jasper.compiler.Compiler.generateJava(Compiler.java:257)
	at org.apache.jasper.compiler.Compiler.compile(Compiler.java:391)
	at org.apache.jasper.compiler.Compiler.compile(Compiler.java:367)
	at org.apache.jasper.compiler.Compiler.compile(Compiler.java:351)
	at org.apache.jasper.JspCompilationContext.compile(JspCompilationContext.java:605)
	at org.apache.jasper.servlet.JspServletWrapper.service(JspServletWrapper.java:399)
	at org.apache.jasper.servlet.JspServlet.serviceJspFile(JspServlet.java:379)
	at org.apache.jasper.servlet.JspServlet.service(JspServlet.java:327)
	... 46 common frames omitted
Caused by: java.lang.ClassNotFoundException: org.apache.el.util.JreCompat cannot be found by org.mortbay.jasper.apache-jsp_9.0.52
	at org.eclipse.osgi.internal.loader.BundleLoader.generateException(BundleLoader.java:541)
	at org.eclipse.osgi.internal.loader.BundleLoader.findClass0(BundleLoader.java:536)
	at org.eclipse.osgi.internal.loader.BundleLoader.findClass(BundleLoader.java:416)
	at org.eclipse.osgi.internal.loader.ModuleClassLoader.loadClass(ModuleClassLoader.java:168)
	at java.base/java.lang.ClassLoader.loadClass(ClassLoader.java:526)
	... 62 common frames omitted
2024-04-30 18:04:13,870 [Worker-5: Loading available Gradle versions] INFO  o.e.b.c.i.u.g.PublishedGradleVersions - Gradle version information cache is out-of-date. Trying to update.
2024-05-19 15:45:19,144 [Worker-6: Loading available Gradle versions] INFO  o.e.b.c.i.u.g.PublishedGradleVersions - Gradle version information cache is out-of-date. Trying to update.
2024-05-19 15:45:19,643 [Worker-6: Loading available Gradle versions] INFO  o.e.b.c.i.u.g.PublishedGradleVersions - Updating Gradle version information cache failed. Using outdated cache.
2024-05-24 10:50:06,512 [Worker-8: Loading available Gradle versions] INFO  o.e.b.c.i.u.g.PublishedGradleVersions - Gradle version information cache is out-of-date. Trying to update.
2024-05-24 10:50:07,092 [Worker-8: Loading available Gradle versions] INFO  o.e.b.c.i.u.g.PublishedGradleVersions - Updating Gradle version information cache failed. Using outdated cache.
2024-05-24 10:53:38,238 [Worker-2: Loading available Gradle versions] INFO  o.e.b.c.i.u.g.PublishedGradleVersions - Gradle version information cache is out-of-date. Trying to update.
2024-05-24 10:54:38,888 [Worker-1: Loading available Gradle versions] INFO  o.e.b.c.i.u.g.PublishedGradleVersions - Gradle version information cache is up-to-date. Trying to read.
2024-06-03 10:25:06,847 [Worker-5: Loading available Gradle versions] INFO  o.e.b.c.i.u.g.PublishedGradleVersions - Gradle version information cache is out-of-date. Trying to update.
2024-06-03 10:42:04,789 [Worker-1: Loading available Gradle versions] INFO  o.e.b.c.i.u.g.PublishedGradleVersions - Gradle version information cache is up-to-date. Trying to read.
2024-06-03 10:53:05,719 [Worker-3: Loading available Gradle versions] INFO  o.e.b.c.i.u.g.PublishedGradleVersions - Gradle version information cache is up-to-date. Trying to read.
2024-06-04 17:05:53,304 [Worker-5: Loading available Gradle versions] INFO  o.e.b.c.i.u.g.PublishedGradleVersions - Gradle version information cache is out-of-date. Trying to update.
2024-08-06 22:32:04,963 [Worker-4: Loading available Gradle versions] INFO  o.e.b.c.i.u.g.PublishedGradleVersions - Gradle version information cache is out-of-date. Trying to update.
2024-08-06 22:32:05,426 [Worker-4: Loading available Gradle versions] INFO  o.e.b.c.i.u.g.PublishedGradleVersions - Updating Gradle version information cache failed. Using outdated cache.
2024-08-08 11:47:45,888 [Worker-8: Loading available Gradle versions] INFO  o.e.b.c.i.u.g.PublishedGradleVersions - Gradle version information cache is out-of-date. Trying to update.
2024-09-09 13:03:14,275 [Worker-1: Loading available Gradle versions] INFO  o.e.b.c.i.u.g.PublishedGradleVersions - Gradle version information cache is out-of-date. Trying to update.
2024-09-09 13:07:34,813 [Worker-4: Loading available Gradle versions] INFO  o.e.b.c.i.u.g.PublishedGradleVersions - Gradle version information cache is up-to-date. Trying to read.
2024-10-12 19:47:16,080 [Worker-2: Loading available Gradle versions] INFO  o.e.b.c.i.u.g.PublishedGradleVersions - Gradle version information cache is out-of-date. Trying to update.
2024-10-12 19:47:16,702 [Worker-2: Loading available Gradle versions] INFO  o.e.b.c.i.u.g.PublishedGradleVersions - Updating Gradle version information cache failed. Using outdated cache.
2025-02-13 11:40:26,402 [Worker-4: Loading available Gradle versions] INFO  o.e.b.c.i.u.g.PublishedGradleVersions - Gradle version information cache is out-of-date. Trying to update.
2025-03-10 09:44:33,273 [Worker-34: Loading available Gradle versions] INFO  o.e.b.c.i.u.g.PublishedGradleVersions - Gradle version information cache is out-of-date. Trying to update.
2025-03-10 09:44:33,388 [Worker-34: Loading available Gradle versions] INFO  o.e.b.c.i.u.g.PublishedGradleVersions - Updating Gradle version information cache failed. Using outdated cache.
2025-03-11 14:19:11,695 [Worker-8: Loading available Gradle versions] INFO  o.e.b.c.i.u.g.PublishedGradleVersions - Gradle version information cache is out-of-date. Trying to update.
2025-03-11 14:19:12,222 [Worker-8: Loading available Gradle versions] INFO  o.e.b.c.i.u.g.PublishedGradleVersions - Updating Gradle version information cache failed. Using outdated cache.
2025-03-11 14:33:39,922 [Worker-0: Loading available Gradle versions] INFO  o.e.b.c.i.u.g.PublishedGradleVersions - Gradle version information cache is out-of-date. Trying to update.
2025-03-12 14:27:26,039 [Worker-4: Loading available Gradle versions] INFO  o.e.b.c.i.u.g.PublishedGradleVersions - Gradle version information cache is up-to-date. Trying to read.
2025-03-12 21:35:14,400 [Worker-6: Loading available Gradle versions] INFO  o.e.b.c.i.u.g.PublishedGradleVersions - Gradle version information cache is out-of-date. Trying to update.
2025-03-17 14:35:14,198 [Worker-4: Loading available Gradle versions] INFO  o.e.b.c.i.u.g.PublishedGradleVersions - Gradle version information cache is out-of-date. Trying to update.
